> Task :app:preBuild UP-TO-DATE
> Task :app:preDebugBuild UP-TO-DATE
> Task :app:mergeDebugNativeDebugMetadata NO-SOURCE
> Task :app:checkKotlinGradlePluginConfigurationErrors SKIPPED
> Task :app:dataBindingMergeDependencyArtifactsDebug UP-TO-DATE
> Task :app:generateDebugResValues UP-TO-DATE
> Task :app:generateDebugResources
> Task :app:mergeDebugResources
> Task :app:packageDebugResources
> Task :app:processDebugNavigationResources
> Task :app:generateDebugBuildConfig UP-TO-DATE
> Task :app:checkDebugAarMetadata UP-TO-DATE
> Task :app:compileDebugNavigationResources UP-TO-DATE
> Task :app:mapDebugSourceSetPaths
> Task :app:createDebugCompatibleScreenManifests UP-TO-DATE
> Task :app:extractDeepLinksDebug UP-TO-DATE
> Task :app:processDebugMainManifest UP-TO-DATE
> Task :app:processDebugManifest UP-TO-DATE
> Task :app:processDebugManifestForPackage UP-TO-DATE
> Task :app:javaPreCompileDebug UP-TO-DATE
> Task :app:mergeDebugShaders UP-TO-DATE
> Task :app:compileDebugShaders NO-SOURCE
> Task :app:generateDebugAssets UP-TO-DATE
> Task :app:mergeDebugAssets UP-TO-DATE
> Task :app:compressDebugAssets UP-TO-DATE
> Task :app:desugarDebugFileDependencies UP-TO-DATE
> Task :app:checkDebugDuplicateClasses UP-TO-DATE
> Task :app:mergeExtDexDebug UP-TO-DATE
> Task :app:mergeLibDexDebug UP-TO-DATE
> Task :app:mergeDebugJniLibFolders UP-TO-DATE
> Task :app:mergeDebugNativeLibs UP-TO-DATE
> Task :app:stripDebugDebugSymbols UP-TO-DATE
> Task :app:validateSigningDebug UP-TO-DATE
> Task :app:writeDebugAppMetadata UP-TO-DATE
> Task :app:writeDebugSigningConfigVersions UP-TO-DATE
> Task :app:parseDebugLocalResources
> Task :app:dataBindingGenBaseClassesDebug
> Task :app:processDebugResources FAILED

[Incubating] Problems report is available at: file:///C:/Users/fepla/Escritorio/ZzzTimerProPlus/build/reports/problems/problems-report.html

FAILURE: Build failed with an exception.

* What went wrong:
Execution failed for task ':app:processDebugResources'.
> A failure occurred while executing com.android.build.gradle.internal.res.LinkApplicationAndroidResourcesTask$TaskAction
   > Android resource linking failed
     com.felipeplazas.zzztimerpro.app-mergeDebugResources-60:/layout/activity_sleep_tracking.xml:140: error: 'baseline' is incompatible with attribute gravity (attr) flags [bottom=80, center=17, center_horizontal=1, center_vertical=16, clip_horizontal=8, clip_vertical=128, end=8388613, fill=119, fill_horizontal=7, fill_vertical=112, left=3, right=5, start=8388611, top=48].
     com.felipeplazas.zzztimerpro.app-mergeDebugResources-60:/layout/activity_sleep_tracking.xml:197: error: 'baseline' is incompatible with attribute gravity (attr) flags [bottom=80, center=17, center_horizontal=1, center_vertical=16, clip_horizontal=8, clip_vertical=128, end=8388613, fill=119, fill_horizontal=7, fill_vertical=112, left=3, right=5, start=8388611, top=48].
     com.felipeplazas.zzztimerpro.app-mergeDebugResources-60:/layout/activity_sleep_tracking.xml:263: error: 'baseline' is incompatible with attribute gravity (attr) flags [bottom=80, center=17, center_horizontal=1, center_vertical=16, clip_horizontal=8, clip_vertical=128, end=8388613, fill=119, fill_horizontal=7, fill_vertical=112, left=3, right=5, start=8388611, top=48].
     com.felipeplazas.zzztimerpro.app-mergeDebugResources-60:/layout/activity_sleep_tracking.xml:320: error: 'baseline' is incompatible with attribute gravity (attr) flags [bottom=80, center=17, center_horizontal=1, center_vertical=16, clip_horizontal=8, clip_vertical=128, end=8388613, fill=119, fill_horizontal=7, fill_vertical=112, left=3, right=5, start=8388611, top=48].
     error: failed linking file resources.


* Try:
> Run with --stacktrace option to get the stack trace.
> Run with --info or --debug option to get more log output.
> Run with --scan to get full insights.
> Get more help at https://help.gradle.org.

Deprecated Gradle features were used in this build, making it incompatible with Gradle 9.0.

You can use '--warning-mode all' to show the individual deprecation warnings and determine if they come from your own scripts or plugins.

For more on this, please refer to https://docs.gradle.org/8.13/userguide/command_line_interface.html#sec:command_line_warnings in the Gradle documentation.

BUILD FAILED in 4s
32 actionable tasks: 8 executed, 24 up-to-date
